<?xml version="1.0" encoding="UTF-8"?>
<!-- Generated by org.testng.reporters.JUnitXMLReporter -->
<testsuite ignored="0" hostname="QT-INBG-LT0707" failures="0" tests="6" name="Personal Loan" time="0.057" errors="0" timestamp="2022-09-12T18:18:25 IST">
  <testcase classname="day1" name="Demo" time="0.007"/>
  <testcase classname="day1" name="SecondTest" time="0.001"/>
  <testcase classname="day2" name="ploan" time="0.001"/>
  <testcase classname="day4" name="LoginAPIcarLoan" time="0.001"/>
  <testcase classname="day4" name="MobileLogincarLoan" time="0.001"/>
  <testcase classname="day4" name="WebloginHomeLoan" time="0.001"/>
</testsuite> <!-- Personal Loan -->
